<?xml version="1.0" encoding="UTF-8"?>
<!-- Generated by org.testng.reporters.JUnitXMLReporter -->
<testsuite ignored="0" hostname="Raj" failures="1" tests="1" name="Test(failed)" time="11.098" errors="0" timestamp="18 Jun 2024 12:49:05 GMT">
  <testcase classname="practicebasics.ScreenshotSample2" name="screenshotTest" time="0.021">
    <failure type="java.lang.AssertionError">
      <![CDATA[java.lang.AssertionError
at org.junit.Assert.fail(Assert.java:92)
at org.junit.Assert.assertTrue(Assert.java:43)
at org.junit.Assert.assertTrue(Assert.java:54)
at practicebasics.ScreenshotSample2.screenshotTest(ScreenshotSample2.java:18)
... Removed 23 stack frames]]>
    </failure>
  </testcase> <!-- screenshotTest -->
</testsuite> <!-- Test(failed) -->
